# JRE version: OpenJDK Runtime Environment (11.0.10) (build 11.0.10+0-b96-7249189)
# Java VM: OpenJDK 64-Bit Server VM (11.0.10+0-b96-7249189, mixed mode, tiered, compressed oops, g1 gc, linux-amd64)
Heap:
 garbage-first heap   total 893952K, used 129930K [0x0000000080000000, 0x0000000100000000)
  region size 1024K, 1 young (1024K), 1 survivors (1024K)
 Metaspace       used 107320K, capacity 109893K, committed 110720K, reserved 1144832K
  class space    used 13401K, capacity 14356K, committed 14720K, reserved 1048576K
GC Heap History (20 events):
Event: 99.839 GC heap after
{Heap after GC invocations=82 (full 0):
 garbage-first heap   total 247808K, used 129413K [0x0000000080000000, 0x0000000100000000)
  region size 1024K, 2 young (2048K), 2 survivors (2048K)
 Metaspace       used 107134K, capacity 109749K, committed 110720K, reserved 1144832K
  class space    used 13391K, capacity 14355K, committed 14720K, reserved 1048576K
}
Event: 100.360 GC heap before
{Heap before GC invocations=83 (full 0):
 garbage-first heap   total 247808K, used 208261K [0x0000000080000000, 0x0000000100000000)
  region size 1024K, 79 young (80896K), 2 survivors (2048K)
 Metaspace       used 107197K, capacity 109820K, committed 110720K, reserved 1144832K
  class space    used 13391K, capacity 14355K, committed 14720K, reserved 1048576K
}
Event: 100.372 GC heap after
{Heap after GC invocations=84 (full 0):
 garbage-first heap   total 247808K, used 129923K [0x0000000080000000, 0x0000000100000000)
  region size 1024K, 3 young (3072K), 3 survivors (3072K)
 Metaspace       used 107197K, capacity 109820K, committed 110720K, reserved 1144832K
  class space    used 13391K, capacity 14355K, committed 14720K, reserved 1048576K
}
Event: 100.422 GC heap before
{Heap before GC invocations=84 (full 0):
 garbage-first heap   total 247808K, used 139139K [0x0000000080000000, 0x0000000100000000)
  region size 1024K, 12 young (12288K), 3 survivors (3072K)
 Metaspace       used 107215K, capacity 109820K, committed 110720K, reserved 1144832K
  class space    used 13397K, capacity 14355K, committed 14720K, reserved 1048576K
}
Event: 100.436 GC heap after
{Heap after GC invocations=85 (full 0):
 garbage-first heap   total 247808K, used 128028K [0x0000000080000000, 0x0000000100000000)
  region size 1024K, 1 young (1024K), 1 survivors (1024K)
 Metaspace       used 107215K, capacity 109820K, committed 110720K, reserved 1144832K
  class space    used 13397K, capacity 14355K, committed 14720K, reserved 1048576K
}
Event: 100.851 GC heap before
{Heap before GC invocations=85 (full 0):
 garbage-first heap   total 247808K, used 207900K [0x0000000080000000, 0x0000000100000000)
  region size 1024K, 79 young (80896K), 1 survivors (1024K)
 Metaspace       used 107240K, capacity 109823K, committed 110720K, reserved 1144832K
  class space    used 13397K, capacity 14355K, committed 14720K, reserved 1048576K
}
Event: 100.862 GC heap after
{Heap after GC invocations=86 (full 0):
 garbage-first heap   total 247808K, used 128442K [0x0000000080000000, 0x0000000100000000)
  region size 1024K, 2 young (2048K), 2 survivors (2048K)
 Metaspace       used 107240K, capacity 109823K, committed 110720K, reserved 1144832K
  class space    used 13397K, capacity 14355K, committed 14720K, reserved 1048576K
}
Event: 101.260 GC heap before
{Heap before GC invocations=86 (full 0):
 garbage-first heap   total 247808K, used 209338K [0x0000000080000000, 0x0000000100000000)
  region size 1024K, 81 young (82944K), 2 survivors (2048K)
 Metaspace       used 107259K, capacity 109826K, committed 110720K, reserved 1144832K
  class space    used 13397K, capacity 14355K, committed 14720K, reserved 1048576K
}
Event: 101.269 GC heap after
{Heap after GC invocations=87 (full 0):
 garbage-first heap   total 247808K, used 128605K [0x0000000080000000, 0x0000000100000000)
  region size 1024K, 2 young (2048K), 2 survivors (2048K)
 Metaspace       used 107259K, capacity 109826K, committed 110720K, reserved 1144832K
  class space    used 13397K, capacity 14355K, committed 14720K, reserved 1048576K
}
Event: 101.642 GC heap before
{Heap before GC invocations=87 (full 0):
 garbage-first heap   total 247808K, used 210525K [0x0000000080000000, 0x0000000100000000)
  region size 1024K, 82 young (83968K), 2 survivors (2048K)
 Metaspace       used 107282K, capacity 109890K, committed 110720K, reserved 1144832K
  class space    used 13399K, capacity 14355K, committed 14720K, reserved 1048576K
}
Event: 101.656 GC heap after
{Heap after GC invocations=88 (full 0):
 garbage-first heap   total 247808K, used 128952K [0x0000000080000000, 0x0000000100000000)
  region size 1024K, 2 young (2048K), 2 survivors (2048K)
 Metaspace       used 107282K, capacity 109890K, committed 110720K, reserved 1144832K
  class space    used 13399K, capacity 14355K, committed 14720K, reserved 1048576K
}
Event: 102.065 GC heap before
{Heap before GC invocations=88 (full 0):
 garbage-first heap   total 247808K, used 210872K [0x0000000080000000, 0x0000000100000000)
  region size 1024K, 82 young (83968K), 2 survivors (2048K)
 Metaspace       used 107306K, capacity 109890K, committed 110720K, reserved 1144832K
  class space    used 13400K, capacity 14355K, committed 14720K, reserved 1048576K
}
Event: 102.112 GC heap after
{Heap after GC invocations=89 (full 0):
 garbage-first heap   total 297984K, used 129388K [0x0000000080000000, 0x0000000100000000)
  region size 1024K, 3 young (3072K), 3 survivors (3072K)
 Metaspace       used 107306K, capacity 109890K, committed 110720K, reserved 1144832K
  class space    used 13400K, capacity 14355K, committed 14720K, reserved 1048576K
}
Event: 103.930 GC heap before
{Heap before GC invocations=89 (full 0):
 garbage-first heap   total 297984K, used 231788K [0x0000000080000000, 0x0000000100000000)
  region size 1024K, 103 young (105472K), 3 survivors (3072K)
 Metaspace       used 107317K, capacity 109890K, committed 110720K, reserved 1144832K
  class space    used 13400K, capacity 14355K, committed 14720K, reserved 1048576K
}
Event: 113.507 GC heap after
{Heap after GC invocations=90 (full 0):
 garbage-first heap   total 297984K, used 129992K [0x0000000080000000, 0x0000000100000000)
  region size 1024K, 3 young (3072K), 3 survivors (3072K)
 Metaspace       used 107317K, capacity 109890K, committed 110720K, reserved 1144832K
  class space    used 13400K, capacity 14355K, committed 14720K, reserved 1048576K
}
Event: 114.208 GC heap before
{Heap before GC invocations=90 (full 0):
 garbage-first heap   total 297984K, used 141256K [0x0000000080000000, 0x0000000100000000)
  region size 1024K, 14 young (14336K), 3 survivors (3072K)
 Metaspace       used 107317K, capacity 109890K, committed 110720K, reserved 1144832K
  class space    used 13400K, capacity 14355K, committed 14720K, reserved 1048576K
}
Event: 116.340 GC heap after
{Heap after GC invocations=91 (full 0):
 garbage-first heap   total 297984K, used 130083K [0x0000000080000000, 0x0000000100000000)
  region size 1024K, 1 young (1024K), 1 survivors (1024K)
 Metaspace       used 107317K, capacity 109890K, committed 110720K, reserved 1144832K
  class space    used 13400K, capacity 14355K, committed 14720K, reserved 1048576K
}
Event: 116.811 GC heap before
{Heap before GC invocations=91 (full 0):
 garbage-first heap   total 297984K, used 143395K [0x0000000080000000, 0x0000000100000000)
  region size 1024K, 14 young (14336K), 1 survivors (1024K)
 Metaspace       used 107320K, capacity 109893K, committed 110720K, reserved 1144832K
  class space    used 13401K, capacity 14356K, committed 14720K, reserved 1048576K
}
Event: 119.301 GC heap after
{Heap after GC invocations=92 (full 0):
 garbage-first heap   total 297984K, used 129775K [0x0000000080000000, 0x0000000100000000)
  region size 1024K, 1 young (1024K), 1 survivors (1024K)
 Metaspace       used 107320K, capacity 109893K, committed 110720K, reserved 1144832K
  class space    used 13401K, capacity 14356K, committed 14720K, reserved 1048576K
}
Event: 120.115 GC heap before
{Heap before GC invocations=92 (full 0):
 garbage-first heap   total 297984K, used 143087K [0x0000000080000000, 0x0000000100000000)
  region size 1024K, 14 young (14336K), 1 survivors (1024K)
 Metaspace       used 107320K, capacity 109893K, committed 110720K, reserved 1144832K
  class space    used 13401K, capacity 14356K, committed 14720K, reserved 1048576K
}

